<?xml version="1.0" encoding="UTF-8"?>
<coverage generated="1762822423136" clover="3.2.0">
  <project timestamp="1762822423137" name="All files">
    <metrics statements="147" coveredstatements="79" conditionals="112" coveredconditionals="29" methods="30" coveredmethods="8" elements="289" coveredelements="116" complexity="0" loc="147" ncloc="147" packages="1" files="3" classes="3"/>
    <file name="MediaPlayer.module.css" path="/Users/eddie/eddie/eddie-workspace/libs/react-media-player/src/lib/MediaPlayer.module.css">
      <metrics statements="0" coveredstatements="0" conditionals="0" coveredconditionals="0" methods="0" coveredmethods="0"/>
    </file>
    <file name="MediaPlayer.tsx" path="/Users/eddie/eddie/eddie-workspace/libs/react-media-player/src/lib/MediaPlayer.tsx">
      <metrics statements="145" coveredstatements="77" conditionals="112" coveredconditionals="29" methods="30" coveredmethods="8"/>
      <line num="89" count="1" type="stmt"/>
      <line num="106" count="25" type="stmt"/>
      <line num="109" count="25" type="stmt"/>
      <line num="111" count="25" type="stmt"/>
      <line num="112" count="25" type="stmt"/>
      <line num="115" count="25" type="stmt"/>
      <line num="116" count="25" type="stmt"/>
      <line num="117" count="25" type="stmt"/>
      <line num="118" count="25" type="stmt"/>
      <line num="119" count="25" type="stmt"/>
      <line num="120" count="25" type="stmt"/>
      <line num="123" count="25" type="stmt"/>
      <line num="124" count="0" type="cond" truecount="0" falsecount="2"/>
      <line num="125" count="0" type="stmt"/>
      <line num="128" count="0" type="stmt"/>
      <line num="129" count="0" type="stmt"/>
      <line num="130" count="0" type="stmt"/>
      <line num="131" count="0" type="cond" truecount="0" falsecount="2"/>
      <line num="132" count="0" type="cond" truecount="0" falsecount="2"/>
      <line num="135" count="0" type="cond" truecount="0" falsecount="2"/>
      <line num="139" count="0" type="stmt"/>
      <line num="155" count="0" type="stmt"/>
      <line num="161" count="25" type="stmt"/>
      <line num="168" count="2" type="stmt"/>
      <line num="169" count="2" type="stmt"/>
      <line num="171" count="0" type="stmt"/>
      <line num="172" count="0" type="stmt"/>
      <line num="173" count="0" type="stmt"/>
      <line num="176" count="2" type="stmt"/>
      <line num="178" count="2" type="stmt"/>
      <line num="180" count="2" type="stmt"/>
      <line num="181" count="2" type="stmt"/>
      <line num="184" count="2" type="cond" truecount="1" falsecount="1"/>
      <line num="185" count="0" type="stmt"/>
      <line num="188" count="1" type="stmt"/>
      <line num="189" count="1" type="stmt"/>
      <line num="192" count="1" type="cond" truecount="2" falsecount="3"/>
      <line num="193" count="0" type="stmt"/>
      <line num="194" count="0" type="stmt"/>
      <line num="198" count="1" type="cond" truecount="1" falsecount="1"/>
      <line num="199" count="0" type="stmt"/>
      <line num="201" count="0" type="cond" truecount="0" falsecount="2"/>
      <line num="202" count="0" type="stmt"/>
      <line num="204" count="0" type="cond" truecount="0" falsecount="2"/>
      <line num="205" count="0" type="stmt"/>
      <line num="207" count="0" type="cond" truecount="0" falsecount="2"/>
      <line num="208" count="0" type="stmt"/>
      <line num="209" count="0" type="stmt"/>
      <line num="216" count="0" type="stmt"/>
      <line num="220" count="1" type="stmt"/>
      <line num="221" count="0" type="cond" truecount="0" falsecount="2"/>
      <line num="222" count="0" type="cond" truecount="0" falsecount="2"/>
      <line num="226" count="1" type="stmt"/>
      <line num="229" count="0" type="stmt"/>
      <line num="230" count="0" type="cond" truecount="0" falsecount="2"/>
      <line num="231" count="2" type="stmt"/>
      <line num="233" count="0" type="stmt"/>
      <line num="236" count="0" type="stmt"/>
      <line num="237" count="0" type="stmt"/>
      <line num="240" count="2" type="cond" truecount="1" falsecount="1"/>
      <line num="241" count="0" type="stmt"/>
      <line num="245" count="2" type="stmt"/>
      <line num="246" count="2" type="stmt"/>
      <line num="251" count="25" type="stmt"/>
      <line num="252" count="13" type="stmt"/>
      <line num="253" count="13" type="stmt"/>
      <line num="254" count="13" type="stmt"/>
      <line num="255" count="13" type="stmt"/>
      <line num="257" count="13" type="cond" truecount="1" falsecount="1"/>
      <line num="258" count="13" type="stmt"/>
      <line num="261" count="13" type="cond" truecount="1" falsecount="1"/>
      <line num="262" count="0" type="stmt"/>
      <line num="266" count="13" type="stmt"/>
      <line num="267" count="13" type="stmt"/>
      <line num="268" count="0" type="stmt"/>
      <line num="269" count="0" type="stmt"/>
      <line num="270" count="0" type="cond" truecount="0" falsecount="2"/>
      <line num="271" count="0" type="stmt"/>
      <line num="273" count="13" type="stmt"/>
      <line num="274" count="13" type="stmt"/>
      <line num="276" count="13" type="stmt"/>
      <line num="277" count="13" type="cond" truecount="2" falsecount="0"/>
      <line num="278" count="11" type="stmt"/>
      <line num="280" count="11" type="cond" truecount="1" falsecount="1"/>
      <line num="281" count="0" type="stmt"/>
      <line num="282" count="0" type="stmt"/>
      <line num="287" count="11" type="stmt"/>
      <line num="288" count="11" type="stmt"/>
      <line num="289" count="11" type="stmt"/>
      <line num="293" count="2" type="stmt"/>
      <line num="297" count="25" type="stmt"/>
      <line num="298" count="13" type="stmt"/>
      <line num="299" count="13" type="cond" truecount="3" falsecount="1"/>
      <line num="301" count="13" type="stmt"/>
      <line num="303" count="13" type="stmt"/>
      <line num="305" count="13" type="cond" truecount="1" falsecount="1"/>
      <line num="306" count="0" type="stmt"/>
      <line num="308" count="13" type="cond" truecount="1" falsecount="1"/>
      <line num="309" count="0" type="stmt"/>
      <line num="315" count="25" type="stmt"/>
      <line num="316" count="13" type="stmt"/>
      <line num="317" count="13" type="cond" truecount="1" falsecount="1"/>
      <line num="319" count="13" type="stmt"/>
      <line num="320" count="13" type="cond" truecount="1" falsecount="1"/>
      <line num="321" count="13" type="stmt"/>
      <line num="322" count="13" type="stmt"/>
      <line num="327" count="25" type="stmt"/>
      <line num="328" count="0" type="stmt"/>
      <line num="331" count="25" type="stmt"/>
      <line num="332" count="0" type="stmt"/>
      <line num="335" count="25" type="stmt"/>
      <line num="336" count="0" type="cond" truecount="0" falsecount="2"/>
      <line num="337" count="0" type="stmt"/>
      <line num="341" count="25" type="stmt"/>
      <line num="342" count="0" type="cond" truecount="0" falsecount="2"/>
      <line num="343" count="0" type="stmt"/>
      <line num="347" count="25" type="stmt"/>
      <line num="348" count="0" type="cond" truecount="0" falsecount="2"/>
      <line num="349" count="0" type="stmt"/>
      <line num="353" count="25" type="stmt"/>
      <line num="354" count="0" type="stmt"/>
      <line num="355" count="0" type="cond" truecount="0" falsecount="2"/>
      <line num="357" count="0" type="cond" truecount="0" falsecount="2"/>
      <line num="358" count="0" type="stmt"/>
      <line num="360" count="0" type="stmt"/>
      <line num="364" count="25" type="stmt"/>
      <line num="365" count="0" type="stmt"/>
      <line num="366" count="0" type="cond" truecount="0" falsecount="2"/>
      <line num="368" count="0" type="stmt"/>
      <line num="371" count="25" type="stmt"/>
      <line num="372" count="0" type="stmt"/>
      <line num="373" count="0" type="cond" truecount="0" falsecount="2"/>
      <line num="374" count="0" type="stmt"/>
      <line num="378" count="25" type="stmt"/>
      <line num="379" count="0" type="cond" truecount="0" falsecount="2"/>
      <line num="383" count="25" type="stmt"/>
      <line num="394" count="0" type="stmt"/>
      <line num="395" count="0" type="stmt"/>
      <line num="396" count="0" type="stmt"/>
      <line num="397" count="0" type="stmt"/>
      <line num="398" count="0" type="stmt"/>
      <line num="402" count="25" type="stmt"/>
      <line num="403" count="13" type="cond" truecount="1" falsecount="1"/>
      <line num="405" count="0" type="stmt"/>
      <line num="424" count="25" type="stmt"/>
    </file>
    <file name="i18n.ts" path="/Users/eddie/eddie/eddie-workspace/libs/react-media-player/src/lib/i18n.ts">
      <metrics statements="2" coveredstatements="2" conditionals="0" coveredconditionals="0" methods="0" coveredmethods="0"/>
      <line num="5" count="1" type="stmt"/>
      <line num="97" count="1" type="stmt"/>
    </file>
  </project>
</coverage>
