{"/Users/eddie/eddie/eddie-workspace/libs/react-media-player/src/lib/MediaPlayer.module.css": {"path":"/Users/eddie/eddie/eddie-workspace/libs/react-media-player/src/lib/MediaPlayer.module.css","statementMap":{},"fnMap":{},"branchMap":{},"s":{},"f":{},"b":{},"meta":{"lastBranch":0,"lastFunction":0,"lastStatement":0,"seen":{}}}
,"/Users/eddie/eddie/eddie-workspace/libs/react-media-player/src/lib/MediaPlayer.tsx": {"path":"/Users/eddie/eddie/eddie-workspace/libs/react-media-player/src/lib/MediaPlayer.tsx","statementMap":{"0":{"start":{"line":89,"column":27},"end":{"line":442,"column":null}},"1":{"start":{"line":106,"column":12},"end":{"line":106,"column":null}},"2":{"start":{"line":109,"column":8},"end":{"line":109,"column":null}},"3":{"start":{"line":111,"column":8},"end":{"line":111,"column":null}},"4":{"start":{"line":112,"column":8},"end":{"line":112,"column":null}},"5":{"start":{"line":115,"column":28},"end":{"line":115,"column":null}},"6":{"start":{"line":116,"column":32},"end":{"line":116,"column":null}},"7":{"start":{"line":117,"column":36},"end":{"line":117,"column":null}},"8":{"start":{"line":118,"column":30},"end":{"line":118,"column":null}},"9":{"start":{"line":119,"column":26},"end":{"line":119,"column":null}},"10":{"start":{"line":120,"column":42},"end":{"line":120,"column":null}},"11":{"start":{"line":123,"column":8},"end":{"line":158,"column":null}},"12":{"start":{"line":124,"column":4},"end":{"line":126,"column":null}},"13":{"start":{"line":125,"column":6},"end":{"line":125,"column":null}},"14":{"start":{"line":128,"column":4},"end":{"line":157,"column":null}},"15":{"start":{"line":129,"column":6},"end":{"line":156,"column":null}},"16":{"start":{"line":130,"column":22},"end":{"line":130,"column":null}},"17":{"start":{"line":131,"column":8},"end":{"line":153,"column":null}},"18":{"start":{"line":132,"column":30},"end":{"line":134,"column":null}},"19":{"start":{"line":135,"column":32},"end":{"line":137,"column":null}},"20":{"start":{"line":139,"column":10},"end":{"line":152,"column":null}},"21":{"start":{"line":155,"column":8},"end":{"line":155,"column":null}},"22":{"start":{"line":161,"column":8},"end":{"line":248,"column":null}},"23":{"start":{"line":168,"column":4},"end":{"line":174,"column":null}},"24":{"start":{"line":169,"column":6},"end":{"line":169,"column":null}},"25":{"start":{"line":171,"column":6},"end":{"line":171,"column":null}},"26":{"start":{"line":172,"column":6},"end":{"line":172,"column":null}},"27":{"start":{"line":173,"column":6},"end":{"line":173,"column":null}},"28":{"start":{"line":176,"column":4},"end":{"line":247,"column":null}},"29":{"start":{"line":178,"column":6},"end":{"line":178,"column":null}},"30":{"start":{"line":180,"column":20},"end":{"line":180,"column":null}},"31":{"start":{"line":181,"column":21},"end":{"line":181,"column":null}},"32":{"start":{"line":184,"column":6},"end":{"line":186,"column":null}},"33":{"start":{"line":185,"column":8},"end":{"line":185,"column":null}},"34":{"start":{"line":188,"column":6},"end":{"line":188,"column":null}},"35":{"start":{"line":189,"column":6},"end":{"line":189,"column":null}},"36":{"start":{"line":192,"column":6},"end":{"line":195,"column":null}},"37":{"start":{"line":193,"column":26},"end":{"line":193,"column":null}},"38":{"start":{"line":194,"column":8},"end":{"line":194,"column":null}},"39":{"start":{"line":198,"column":6},"end":{"line":217,"column":null}},"40":{"start":{"line":199,"column":25},"end":{"line":199,"column":null}},"41":{"start":{"line":201,"column":8},"end":{"line":203,"column":null}},"42":{"start":{"line":202,"column":10},"end":{"line":202,"column":null}},"43":{"start":{"line":204,"column":8},"end":{"line":206,"column":null}},"44":{"start":{"line":205,"column":10},"end":{"line":205,"column":null}},"45":{"start":{"line":207,"column":8},"end":{"line":214,"column":null}},"46":{"start":{"line":208,"column":10},"end":{"line":208,"column":null}},"47":{"start":{"line":209,"column":10},"end":{"line":213,"column":null}},"48":{"start":{"line":216,"column":8},"end":{"line":216,"column":null}},"49":{"start":{"line":220,"column":6},"end":{"line":223,"column":null}},"50":{"start":{"line":221,"column":8},"end":{"line":221,"column":null}},"51":{"start":{"line":222,"column":8},"end":{"line":222,"column":null}},"52":{"start":{"line":226,"column":6},"end":{"line":226,"column":null}},"53":{"start":{"line":229,"column":6},"end":{"line":234,"column":null}},"54":{"start":{"line":230,"column":21},"end":{"line":230,"column":null}},"55":{"start":{"line":231,"column":8},"end":{"line":231,"column":null}},"56":{"start":{"line":233,"column":8},"end":{"line":233,"column":null}},"57":{"start":{"line":236,"column":6},"end":{"line":236,"column":null}},"58":{"start":{"line":237,"column":6},"end":{"line":237,"column":null}},"59":{"start":{"line":240,"column":6},"end":{"line":242,"column":null}},"60":{"start":{"line":241,"column":8},"end":{"line":241,"column":null}},"61":{"start":{"line":245,"column":6},"end":{"line":245,"column":null}},"62":{"start":{"line":246,"column":6},"end":{"line":246,"column":null}},"63":{"start":{"line":251,"column":8},"end":{"line":294,"column":null}},"64":{"start":{"line":252,"column":4},"end":{"line":252,"column":null}},"65":{"start":{"line":253,"column":4},"end":{"line":253,"column":null}},"66":{"start":{"line":254,"column":4},"end":{"line":254,"column":null}},"67":{"start":{"line":255,"column":4},"end":{"line":255,"column":null}},"68":{"start":{"line":257,"column":4},"end":{"line":259,"column":null}},"69":{"start":{"line":258,"column":6},"end":{"line":258,"column":null}},"70":{"start":{"line":261,"column":4},"end":{"line":263,"column":null}},"71":{"start":{"line":262,"column":6},"end":{"line":262,"column":null}},"72":{"start":{"line":266,"column":4},"end":{"line":266,"column":null}},"73":{"start":{"line":266,"column":26},"end":{"line":266,"column":null}},"74":{"start":{"line":267,"column":4},"end":{"line":272,"column":null}},"75":{"start":{"line":268,"column":19},"end":{"line":268,"column":null}},"76":{"start":{"line":269,"column":6},"end":{"line":269,"column":null}},"77":{"start":{"line":270,"column":6},"end":{"line":270,"column":null}},"78":{"start":{"line":271,"column":6},"end":{"line":271,"column":null}},"79":{"start":{"line":273,"column":4},"end":{"line":273,"column":null}},"80":{"start":{"line":273,"column":25},"end":{"line":273,"column":null}},"81":{"start":{"line":274,"column":4},"end":{"line":274,"column":null}},"82":{"start":{"line":274,"column":26},"end":{"line":274,"column":null}},"83":{"start":{"line":276,"column":16},"end":{"line":276,"column":null}},"84":{"start":{"line":277,"column":4},"end":{"line":290,"column":null}},"85":{"start":{"line":278,"column":6},"end":{"line":278,"column":null}},"86":{"start":{"line":280,"column":6},"end":{"line":286,"column":null}},"87":{"start":{"line":281,"column":8},"end":{"line":285,"column":null}},"88":{"start":{"line":282,"column":10},"end":{"line":282,"column":null}},"89":{"start":{"line":282,"column":41},"end":{"line":282,"column":50}},"90":{"start":{"line":287,"column":6},"end":{"line":287,"column":null}},"91":{"start":{"line":288,"column":6},"end":{"line":288,"column":null}},"92":{"start":{"line":289,"column":6},"end":{"line":289,"column":null}},"93":{"start":{"line":293,"column":4},"end":{"line":293,"column":null}},"94":{"start":{"line":297,"column":2},"end":{"line":312,"column":null}},"95":{"start":{"line":298,"column":18},"end":{"line":298,"column":null}},"96":{"start":{"line":299,"column":4},"end":{"line":299,"column":null}},"97":{"start":{"line":299,"column":27},"end":{"line":299,"column":null}},"98":{"start":{"line":301,"column":4},"end":{"line":301,"column":null}},"99":{"start":{"line":303,"column":4},"end":{"line":311,"column":null}},"100":{"start":{"line":305,"column":6},"end":{"line":307,"column":null}},"101":{"start":{"line":306,"column":8},"end":{"line":306,"column":null}},"102":{"start":{"line":308,"column":6},"end":{"line":310,"column":null}},"103":{"start":{"line":309,"column":8},"end":{"line":309,"column":null}},"104":{"start":{"line":315,"column":2},"end":{"line":324,"column":null}},"105":{"start":{"line":316,"column":18},"end":{"line":316,"column":null}},"106":{"start":{"line":317,"column":4},"end":{"line":317,"column":null}},"107":{"start":{"line":317,"column":16},"end":{"line":317,"column":null}},"108":{"start":{"line":319,"column":22},"end":{"line":319,"column":null}},"109":{"start":{"line":320,"column":4},"end":{"line":323,"column":null}},"110":{"start":{"line":321,"column":6},"end":{"line":321,"column":null}},"111":{"start":{"line":322,"column":6},"end":{"line":322,"column":null}},"112":{"start":{"line":327,"column":8},"end":{"line":329,"column":null}},"113":{"start":{"line":328,"column":4},"end":{"line":328,"column":null}},"114":{"start":{"line":331,"column":8},"end":{"line":333,"column":null}},"115":{"start":{"line":332,"column":4},"end":{"line":332,"column":null}},"116":{"start":{"line":335,"column":8},"end":{"line":339,"column":null}},"117":{"start":{"line":336,"column":4},"end":{"line":338,"column":null}},"118":{"start":{"line":337,"column":6},"end":{"line":337,"column":null}},"119":{"start":{"line":341,"column":8},"end":{"line":345,"column":null}},"120":{"start":{"line":342,"column":4},"end":{"line":344,"column":null}},"121":{"start":{"line":343,"column":6},"end":{"line":343,"column":null}},"122":{"start":{"line":347,"column":8},"end":{"line":351,"column":null}},"123":{"start":{"line":348,"column":4},"end":{"line":350,"column":null}},"124":{"start":{"line":349,"column":6},"end":{"line":349,"column":null}},"125":{"start":{"line":353,"column":8},"end":{"line":362,"column":null}},"126":{"start":{"line":354,"column":18},"end":{"line":354,"column":null}},"127":{"start":{"line":355,"column":4},"end":{"line":355,"column":null}},"128":{"start":{"line":355,"column":16},"end":{"line":355,"column":null}},"129":{"start":{"line":357,"column":4},"end":{"line":361,"column":null}},"130":{"start":{"line":358,"column":6},"end":{"line":358,"column":null}},"131":{"start":{"line":360,"column":6},"end":{"line":360,"column":null}},"132":{"start":{"line":364,"column":8},"end":{"line":369,"column":null}},"133":{"start":{"line":365,"column":18},"end":{"line":365,"column":null}},"134":{"start":{"line":366,"column":4},"end":{"line":366,"column":null}},"135":{"start":{"line":366,"column":16},"end":{"line":366,"column":null}},"136":{"start":{"line":368,"column":4},"end":{"line":368,"column":null}},"137":{"start":{"line":371,"column":8},"end":{"line":376,"column":null}},"138":{"start":{"line":372,"column":18},"end":{"line":372,"column":null}},"139":{"start":{"line":373,"column":4},"end":{"line":375,"column":null}},"140":{"start":{"line":374,"column":6},"end":{"line":374,"column":null}},"141":{"start":{"line":378,"column":8},"end":{"line":380,"column":null}},"142":{"start":{"line":379,"column":4},"end":{"line":379,"column":null}},"143":{"start":{"line":383,"column":2},"end":{"line":399,"column":null}},"144":{"start":{"line":383,"column":40},"end":{"line":399,"column":6}},"145":{"start":{"line":394,"column":22},"end":{"line":394,"column":null}},"146":{"start":{"line":395,"column":24},"end":{"line":395,"column":null}},"147":{"start":{"line":396,"column":21},"end":{"line":396,"column":null}},"148":{"start":{"line":397,"column":26},"end":{"line":397,"column":null}},"149":{"start":{"line":398,"column":23},"end":{"line":398,"column":null}},"150":{"start":{"line":402,"column":8},"end":{"line":422,"column":null}},"151":{"start":{"line":403,"column":4},"end":{"line":403,"column":null}},"152":{"start":{"line":403,"column":16},"end":{"line":403,"column":null}},"153":{"start":{"line":405,"column":4},"end":{"line":420,"column":null}},"154":{"start":{"line":424,"column":2},"end":{"line":440,"column":null}}},"fnMap":{"0":{"name":"(anonymous_0)","decl":{"start":{"line":89,"column":78},"end":{"line":89,"column":79}},"loc":{"start":{"line":105,"column":11},"end":{"line":442,"column":1}},"line":105},"1":{"name":"(anonymous_1)","decl":{"start":{"line":123,"column":43},"end":{"line":123,"column":44}},"loc":{"start":{"line":123,"column":60},"end":{"line":158,"column":5}},"line":123},"2":{"name":"(anonymous_2)","decl":{"start":{"line":128,"column":40},"end":{"line":128,"column":46}},"loc":{"start":{"line":128,"column":46},"end":{"line":157,"column":7}},"line":128},"3":{"name":"(anonymous_3)","decl":{"start":{"line":161,"column":44},"end":{"line":161,"column":null}},"loc":{"start":{"line":165,"column":7},"end":{"line":248,"column":5}},"line":165},"4":{"name":"(anonymous_4)","decl":{"start":{"line":220,"column":39},"end":{"line":220,"column":40}},"loc":{"start":{"line":220,"column":53},"end":{"line":223,"column":7}},"line":220},"5":{"name":"(anonymous_5)","decl":{"start":{"line":251,"column":38},"end":{"line":251,"column":45}},"loc":{"start":{"line":251,"column":73},"end":{"line":294,"column":5}},"line":251},"6":{"name":"(anonymous_6)","decl":{"start":{"line":266,"column":20},"end":{"line":266,"column":26}},"loc":{"start":{"line":266,"column":26},"end":{"line":266,"column":null}},"line":266},"7":{"name":"(anonymous_7)","decl":{"start":{"line":267,"column":25},"end":{"line":267,"column":31}},"loc":{"start":{"line":267,"column":31},"end":{"line":272,"column":null}},"line":267},"8":{"name":"(anonymous_8)","decl":{"start":{"line":273,"column":19},"end":{"line":273,"column":25}},"loc":{"start":{"line":273,"column":25},"end":{"line":273,"column":null}},"line":273},"9":{"name":"(anonymous_9)","decl":{"start":{"line":274,"column":20},"end":{"line":274,"column":26}},"loc":{"start":{"line":274,"column":26},"end":{"line":274,"column":null}},"line":274},"10":{"name":"(anonymous_10)","decl":{"start":{"line":282,"column":35},"end":{"line":282,"column":41}},"loc":{"start":{"line":282,"column":41},"end":{"line":282,"column":50}},"line":282},"11":{"name":"(anonymous_11)","decl":{"start":{"line":297,"column":12},"end":{"line":297,"column":18}},"loc":{"start":{"line":297,"column":18},"end":{"line":312,"column":5}},"line":297},"12":{"name":"(anonymous_12)","decl":{"start":{"line":303,"column":11},"end":{"line":303,"column":17}},"loc":{"start":{"line":303,"column":17},"end":{"line":311,"column":null}},"line":303},"13":{"name":"(anonymous_13)","decl":{"start":{"line":315,"column":12},"end":{"line":315,"column":18}},"loc":{"start":{"line":315,"column":18},"end":{"line":324,"column":5}},"line":315},"14":{"name":"(anonymous_14)","decl":{"start":{"line":327,"column":27},"end":{"line":327,"column":33}},"loc":{"start":{"line":327,"column":33},"end":{"line":329,"column":5}},"line":327},"15":{"name":"(anonymous_15)","decl":{"start":{"line":331,"column":28},"end":{"line":331,"column":34}},"loc":{"start":{"line":331,"column":34},"end":{"line":333,"column":5}},"line":331},"16":{"name":"(anonymous_16)","decl":{"start":{"line":335,"column":27},"end":{"line":335,"column":28}},"loc":{"start":{"line":335,"column":48},"end":{"line":339,"column":5}},"line":335},"17":{"name":"(anonymous_17)","decl":{"start":{"line":341,"column":31},"end":{"line":341,"column":32}},"loc":{"start":{"line":341,"column":51},"end":{"line":345,"column":5}},"line":341},"18":{"name":"(anonymous_18)","decl":{"start":{"line":347,"column":32},"end":{"line":347,"column":33}},"loc":{"start":{"line":347,"column":52},"end":{"line":351,"column":5}},"line":347},"19":{"name":"(anonymous_19)","decl":{"start":{"line":353,"column":33},"end":{"line":353,"column":39}},"loc":{"start":{"line":353,"column":39},"end":{"line":362,"column":5}},"line":353},"20":{"name":"(anonymous_20)","decl":{"start":{"line":364,"column":27},"end":{"line":364,"column":28}},"loc":{"start":{"line":364,"column":53},"end":{"line":369,"column":5}},"line":364},"21":{"name":"(anonymous_21)","decl":{"start":{"line":371,"column":38},"end":{"line":371,"column":39}},"loc":{"start":{"line":371,"column":56},"end":{"line":376,"column":5}},"line":371},"22":{"name":"(anonymous_22)","decl":{"start":{"line":378,"column":38},"end":{"line":378,"column":44}},"loc":{"start":{"line":378,"column":44},"end":{"line":380,"column":5}},"line":378},"23":{"name":"(anonymous_23)","decl":{"start":{"line":383,"column":33},"end":{"line":383,"column":40}},"loc":{"start":{"line":383,"column":40},"end":{"line":399,"column":6}},"line":383},"24":{"name":"(anonymous_24)","decl":{"start":{"line":394,"column":16},"end":{"line":394,"column":22}},"loc":{"start":{"line":394,"column":22},"end":{"line":394,"column":null}},"line":394},"25":{"name":"(anonymous_25)","decl":{"start":{"line":395,"column":18},"end":{"line":395,"column":24}},"loc":{"start":{"line":395,"column":24},"end":{"line":395,"column":null}},"line":395},"26":{"name":"(anonymous_26)","decl":{"start":{"line":396,"column":15},"end":{"line":396,"column":21}},"loc":{"start":{"line":396,"column":21},"end":{"line":396,"column":null}},"line":396},"27":{"name":"(anonymous_27)","decl":{"start":{"line":397,"column":20},"end":{"line":397,"column":26}},"loc":{"start":{"line":397,"column":26},"end":{"line":397,"column":null}},"line":397},"28":{"name":"(anonymous_28)","decl":{"start":{"line":398,"column":17},"end":{"line":398,"column":23}},"loc":{"start":{"line":398,"column":23},"end":{"line":398,"column":null}},"line":398},"29":{"name":"(anonymous_29)","decl":{"start":{"line":402,"column":31},"end":{"line":402,"column":37}},"loc":{"start":{"line":402,"column":37},"end":{"line":422,"column":5}},"line":402}},"branchMap":{"0":{"loc":{"start":{"line":92,"column":2},"end":{"line":92,"column":null}},"type":"default-arg","locations":[{"start":{"line":92,"column":13},"end":{"line":92,"column":null}}],"line":92},"1":{"loc":{"start":{"line":93,"column":2},"end":{"line":93,"column":null}},"type":"default-arg","locations":[{"start":{"line":93,"column":10},"end":{"line":93,"column":null}}],"line":93},"2":{"loc":{"start":{"line":95,"column":2},"end":{"line":95,"column":null}},"type":"default-arg","locations":[{"start":{"line":95,"column":12},"end":{"line":95,"column":null}}],"line":95},"3":{"loc":{"start":{"line":96,"column":2},"end":{"line":96,"column":null}},"type":"default-arg","locations":[{"start":{"line":96,"column":16},"end":{"line":96,"column":null}}],"line":96},"4":{"loc":{"start":{"line":98,"column":2},"end":{"line":98,"column":null}},"type":"default-arg","locations":[{"start":{"line":98,"column":13},"end":{"line":98,"column":null}}],"line":98},"5":{"loc":{"start":{"line":99,"column":2},"end":{"line":99,"column":null}},"type":"default-arg","locations":[{"start":{"line":99,"column":10},"end":{"line":99,"column":null}}],"line":99},"6":{"loc":{"start":{"line":100,"column":2},"end":{"line":100,"column":null}},"type":"default-arg","locations":[{"start":{"line":100,"column":10},"end":{"line":100,"column":null}}],"line":100},"7":{"loc":{"start":{"line":124,"column":4},"end":{"line":126,"column":null}},"type":"if","locations":[{"start":{"line":124,"column":4},"end":{"line":126,"column":null}},{"start":{},"end":{}}],"line":124},"8":{"loc":{"start":{"line":131,"column":8},"end":{"line":153,"column":null}},"type":"if","locations":[{"start":{"line":131,"column":8},"end":{"line":153,"column":null}},{"start":{},"end":{}}],"line":131},"9":{"loc":{"start":{"line":132,"column":30},"end":{"line":134,"column":null}},"type":"cond-expr","locations":[{"start":{"line":133,"column":14},"end":{"line":133,"column":null}},{"start":{"line":134,"column":14},"end":{"line":134,"column":null}}],"line":132},"10":{"loc":{"start":{"line":135,"column":32},"end":{"line":137,"column":null}},"type":"cond-expr","locations":[{"start":{"line":136,"column":14},"end":{"line":136,"column":null}},{"start":{"line":137,"column":14},"end":{"line":137,"column":null}}],"line":135},"11":{"loc":{"start":{"line":148,"column":29},"end":{"line":148,"column":null}},"type":"binary-expr","locations":[{"start":{"line":148,"column":29},"end":{"line":148,"column":54}},{"start":{"line":148,"column":54},"end":{"line":148,"column":null}}],"line":148},"12":{"loc":{"start":{"line":184,"column":6},"end":{"line":186,"column":null}},"type":"if","locations":[{"start":{"line":184,"column":6},"end":{"line":186,"column":null}},{"start":{},"end":{}}],"line":184},"13":{"loc":{"start":{"line":192,"column":6},"end":{"line":195,"column":null}},"type":"if","locations":[{"start":{"line":192,"column":6},"end":{"line":195,"column":null}},{"start":{},"end":{}}],"line":192},"14":{"loc":{"start":{"line":192,"column":10},"end":{"line":192,"column":61}},"type":"binary-expr","locations":[{"start":{"line":192,"column":10},"end":{"line":192,"column":19}},{"start":{"line":192,"column":19},"end":{"line":192,"column":37}},{"start":{"line":192,"column":37},"end":{"line":192,"column":61}}],"line":192},"15":{"loc":{"start":{"line":198,"column":6},"end":{"line":217,"column":null}},"type":"if","locations":[{"start":{"line":198,"column":6},"end":{"line":217,"column":null}},{"start":{},"end":{}}],"line":198},"16":{"loc":{"start":{"line":201,"column":8},"end":{"line":203,"column":null}},"type":"if","locations":[{"start":{"line":201,"column":8},"end":{"line":203,"column":null}},{"start":{},"end":{}}],"line":201},"17":{"loc":{"start":{"line":204,"column":8},"end":{"line":206,"column":null}},"type":"if","locations":[{"start":{"line":204,"column":8},"end":{"line":206,"column":null}},{"start":{},"end":{}}],"line":204},"18":{"loc":{"start":{"line":207,"column":8},"end":{"line":214,"column":null}},"type":"if","locations":[{"start":{"line":207,"column":8},"end":{"line":214,"column":null}},{"start":{},"end":{}}],"line":207},"19":{"loc":{"start":{"line":221,"column":37},"end":{"line":221,"column":55}},"type":"binary-expr","locations":[{"start":{"line":221,"column":37},"end":{"line":221,"column":52}},{"start":{"line":221,"column":52},"end":{"line":221,"column":55}}],"line":221},"20":{"loc":{"start":{"line":222,"column":26},"end":{"line":222,"column":44}},"type":"binary-expr","locations":[{"start":{"line":222,"column":26},"end":{"line":222,"column":41}},{"start":{"line":222,"column":41},"end":{"line":222,"column":44}}],"line":222},"21":{"loc":{"start":{"line":230,"column":21},"end":{"line":230,"column":null}},"type":"binary-expr","locations":[{"start":{"line":230,"column":21},"end":{"line":230,"column":42}},{"start":{"line":230,"column":42},"end":{"line":230,"column":null}}],"line":230},"22":{"loc":{"start":{"line":240,"column":6},"end":{"line":242,"column":null}},"type":"if","locations":[{"start":{"line":240,"column":6},"end":{"line":242,"column":null}},{"start":{},"end":{}}],"line":240},"23":{"loc":{"start":{"line":257,"column":4},"end":{"line":259,"column":null}},"type":"if","locations":[{"start":{"line":257,"column":4},"end":{"line":259,"column":null}},{"start":{},"end":{}}],"line":257},"24":{"loc":{"start":{"line":261,"column":4},"end":{"line":263,"column":null}},"type":"if","locations":[{"start":{"line":261,"column":4},"end":{"line":263,"column":null}},{"start":{},"end":{}}],"line":261},"25":{"loc":{"start":{"line":270,"column":18},"end":{"line":270,"column":37}},"type":"binary-expr","locations":[{"start":{"line":270,"column":18},"end":{"line":270,"column":36}},{"start":{"line":270,"column":36},"end":{"line":270,"column":37}}],"line":270},"26":{"loc":{"start":{"line":277,"column":4},"end":{"line":290,"column":null}},"type":"if","locations":[{"start":{"line":277,"column":4},"end":{"line":290,"column":null}},{"start":{},"end":{}}],"line":277},"27":{"loc":{"start":{"line":280,"column":6},"end":{"line":286,"column":null}},"type":"if","locations":[{"start":{"line":280,"column":6},"end":{"line":286,"column":null}},{"start":{},"end":{}}],"line":280},"28":{"loc":{"start":{"line":299,"column":4},"end":{"line":299,"column":null}},"type":"if","locations":[{"start":{"line":299,"column":4},"end":{"line":299,"column":null}},{"start":{},"end":{}}],"line":299},"29":{"loc":{"start":{"line":299,"column":8},"end":{"line":299,"column":27}},"type":"binary-expr","locations":[{"start":{"line":299,"column":8},"end":{"line":299,"column":18}},{"start":{"line":299,"column":18},"end":{"line":299,"column":27}}],"line":299},"30":{"loc":{"start":{"line":305,"column":6},"end":{"line":307,"column":null}},"type":"if","locations":[{"start":{"line":305,"column":6},"end":{"line":307,"column":null}},{"start":{},"end":{}}],"line":305},"31":{"loc":{"start":{"line":308,"column":6},"end":{"line":310,"column":null}},"type":"if","locations":[{"start":{"line":308,"column":6},"end":{"line":310,"column":null}},{"start":{},"end":{}}],"line":308},"32":{"loc":{"start":{"line":317,"column":4},"end":{"line":317,"column":null}},"type":"if","locations":[{"start":{"line":317,"column":4},"end":{"line":317,"column":null}},{"start":{},"end":{}}],"line":317},"33":{"loc":{"start":{"line":320,"column":4},"end":{"line":323,"column":null}},"type":"if","locations":[{"start":{"line":320,"column":4},"end":{"line":323,"column":null}},{"start":{},"end":{}}],"line":320},"34":{"loc":{"start":{"line":336,"column":4},"end":{"line":338,"column":null}},"type":"if","locations":[{"start":{"line":336,"column":4},"end":{"line":338,"column":null}},{"start":{},"end":{}}],"line":336},"35":{"loc":{"start":{"line":342,"column":4},"end":{"line":344,"column":null}},"type":"if","locations":[{"start":{"line":342,"column":4},"end":{"line":344,"column":null}},{"start":{},"end":{}}],"line":342},"36":{"loc":{"start":{"line":348,"column":4},"end":{"line":350,"column":null}},"type":"if","locations":[{"start":{"line":348,"column":4},"end":{"line":350,"column":null}},{"start":{},"end":{}}],"line":348},"37":{"loc":{"start":{"line":355,"column":4},"end":{"line":355,"column":null}},"type":"if","locations":[{"start":{"line":355,"column":4},"end":{"line":355,"column":null}},{"start":{},"end":{}}],"line":355},"38":{"loc":{"start":{"line":357,"column":4},"end":{"line":361,"column":null}},"type":"if","locations":[{"start":{"line":357,"column":4},"end":{"line":361,"column":null}},{"start":{"line":359,"column":11},"end":{"line":361,"column":null}}],"line":357},"39":{"loc":{"start":{"line":366,"column":4},"end":{"line":366,"column":null}},"type":"if","locations":[{"start":{"line":366,"column":4},"end":{"line":366,"column":null}},{"start":{},"end":{}}],"line":366},"40":{"loc":{"start":{"line":373,"column":4},"end":{"line":375,"column":null}},"type":"if","locations":[{"start":{"line":373,"column":4},"end":{"line":375,"column":null}},{"start":{},"end":{}}],"line":373},"41":{"loc":{"start":{"line":379,"column":11},"end":{"line":379,"column":null}},"type":"binary-expr","locations":[{"start":{"line":379,"column":11},"end":{"line":379,"column":45}},{"start":{"line":379,"column":45},"end":{"line":379,"column":null}}],"line":379},"42":{"loc":{"start":{"line":403,"column":4},"end":{"line":403,"column":null}},"type":"if","locations":[{"start":{"line":403,"column":4},"end":{"line":403,"column":null}},{"start":{},"end":{}}],"line":403},"43":{"loc":{"start":{"line":410,"column":9},"end":{"line":417,"column":null}},"type":"binary-expr","locations":[{"start":{"line":410,"column":9},"end":{"line":410,"column":null}},{"start":{"line":411,"column":10},"end":{"line":417,"column":null}}],"line":410},"44":{"loc":{"start":{"line":412,"column":27},"end":{"line":412,"column":61}},"type":"binary-expr","locations":[{"start":{"line":412,"column":27},"end":{"line":412,"column":57}},{"start":{"line":412,"column":57},"end":{"line":412,"column":61}}],"line":412},"45":{"loc":{"start":{"line":412,"column":74},"end":{"line":412,"column":110}},"type":"binary-expr","locations":[{"start":{"line":412,"column":74},"end":{"line":412,"column":106}},{"start":{"line":412,"column":106},"end":{"line":412,"column":110}}],"line":412},"46":{"loc":{"start":{"line":413,"column":29},"end":{"line":413,"column":74}},"type":"binary-expr","locations":[{"start":{"line":413,"column":29},"end":{"line":413,"column":72}},{"start":{"line":413,"column":72},"end":{"line":413,"column":74}}],"line":413},"47":{"loc":{"start":{"line":413,"column":83},"end":{"line":413,"column":123}},"type":"binary-expr","locations":[{"start":{"line":413,"column":83},"end":{"line":413,"column":121}},{"start":{"line":413,"column":121},"end":{"line":413,"column":123}}],"line":413},"48":{"loc":{"start":{"line":413,"column":133},"end":{"line":413,"column":174}},"type":"binary-expr","locations":[{"start":{"line":413,"column":133},"end":{"line":413,"column":172}},{"start":{"line":413,"column":172},"end":{"line":413,"column":174}}],"line":413},"49":{"loc":{"start":{"line":414,"column":28},"end":{"line":414,"column":64}},"type":"binary-expr","locations":[{"start":{"line":414,"column":28},"end":{"line":414,"column":60}},{"start":{"line":414,"column":60},"end":{"line":414,"column":64}}],"line":414},"50":{"loc":{"start":{"line":414,"column":73},"end":{"line":414,"column":109}},"type":"binary-expr","locations":[{"start":{"line":414,"column":73},"end":{"line":414,"column":105}},{"start":{"line":414,"column":105},"end":{"line":414,"column":109}}],"line":414},"51":{"loc":{"start":{"line":414,"column":117},"end":{"line":414,"column":155}},"type":"binary-expr","locations":[{"start":{"line":414,"column":117},"end":{"line":414,"column":151}},{"start":{"line":414,"column":151},"end":{"line":414,"column":155}}],"line":414},"52":{"loc":{"start":{"line":415,"column":23},"end":{"line":415,"column":59}},"type":"binary-expr","locations":[{"start":{"line":415,"column":23},"end":{"line":415,"column":57}},{"start":{"line":415,"column":57},"end":{"line":415,"column":59}}],"line":415},"53":{"loc":{"start":{"line":415,"column":73},"end":{"line":415,"column":113}},"type":"binary-expr","locations":[{"start":{"line":415,"column":73},"end":{"line":415,"column":109}},{"start":{"line":415,"column":109},"end":{"line":415,"column":113}}],"line":415},"54":{"loc":{"start":{"line":416,"column":23},"end":{"line":416,"column":51}},"type":"binary-expr","locations":[{"start":{"line":416,"column":23},"end":{"line":416,"column":47}},{"start":{"line":416,"column":47},"end":{"line":416,"column":51}}],"line":416},"55":{"loc":{"start":{"line":416,"column":53},"end":{"line":416,"column":82}},"type":"binary-expr","locations":[{"start":{"line":416,"column":53},"end":{"line":416,"column":78}},{"start":{"line":416,"column":78},"end":{"line":416,"column":82}}],"line":416},"56":{"loc":{"start":{"line":419,"column":9},"end":{"line":419,"column":null}},"type":"binary-expr","locations":[{"start":{"line":419,"column":9},"end":{"line":419,"column":19}},{"start":{"line":419,"column":19},"end":{"line":419,"column":null}}],"line":419},"57":{"loc":{"start":{"line":436,"column":9},"end":{"line":436,"column":null}},"type":"cond-expr","locations":[{"start":{"line":436,"column":19},"end":{"line":436,"column":46}},{"start":{"line":436,"column":46},"end":{"line":436,"column":null}}],"line":436},"58":{"loc":{"start":{"line":437,"column":9},"end":{"line":437,"column":null}},"type":"binary-expr","locations":[{"start":{"line":437,"column":9},"end":{"line":437,"column":19}},{"start":{"line":437,"column":19},"end":{"line":437,"column":null}}],"line":437}},"s":{"0":1,"1":25,"2":25,"3":25,"4":25,"5":25,"6":25,"7":25,"8":25,"9":25,"10":25,"11":25,"12":0,"13":0,"14":0,"15":0,"16":0,"17":0,"18":0,"19":0,"20":0,"21":0,"22":25,"23":2,"24":2,"25":0,"26":0,"27":0,"28":2,"29":2,"30":2,"31":2,"32":2,"33":0,"34":1,"35":1,"36":1,"37":0,"38":0,"39":1,"40":0,"41":0,"42":0,"43":0,"44":0,"45":0,"46":0,"47":0,"48":0,"49":1,"50":0,"51":0,"52":1,"53":0,"54":0,"55":2,"56":0,"57":0,"58":0,"59":2,"60":0,"61":2,"62":2,"63":25,"64":13,"65":13,"66":13,"67":13,"68":13,"69":13,"70":13,"71":0,"72":13,"73":0,"74":13,"75":0,"76":0,"77":0,"78":0,"79":13,"80":0,"81":13,"82":0,"83":13,"84":13,"85":11,"86":11,"87":0,"88":0,"89":0,"90":11,"91":11,"92":11,"93":2,"94":25,"95":13,"96":13,"97":0,"98":13,"99":13,"100":13,"101":0,"102":13,"103":0,"104":25,"105":13,"106":13,"107":0,"108":13,"109":13,"110":13,"111":13,"112":25,"113":0,"114":25,"115":0,"116":25,"117":0,"118":0,"119":25,"120":0,"121":0,"122":25,"123":0,"124":0,"125":25,"126":0,"127":0,"128":0,"129":0,"130":0,"131":0,"132":25,"133":0,"134":0,"135":0,"136":0,"137":25,"138":0,"139":0,"140":0,"141":25,"142":0,"143":25,"144":2,"145":0,"146":0,"147":0,"148":0,"149":0,"150":25,"151":13,"152":13,"153":0,"154":25},"f":{"0":25,"1":0,"2":0,"3":2,"4":0,"5":13,"6":0,"7":0,"8":0,"9":0,"10":0,"11":13,"12":13,"13":13,"14":0,"15":0,"16":0,"17":0,"18":0,"19":0,"20":0,"21":0,"22":0,"23":2,"24":0,"25":0,"26":0,"27":0,"28":0,"29":13},"b":{"0":[25],"1":[25],"2":[25],"3":[25],"4":[25],"5":[25],"6":[25],"7":[0,0],"8":[0,0],"9":[0,0],"10":[0,0],"11":[0,0],"12":[0,2],"13":[0,1],"14":[1,0,0],"15":[0,1],"16":[0,0],"17":[0,0],"18":[0,0],"19":[0,0],"20":[0,0],"21":[0,0],"22":[0,2],"23":[13,0],"24":[0,13],"25":[0,0],"26":[11,2],"27":[0,11],"28":[0,13],"29":[13,13],"30":[0,13],"31":[0,13],"32":[0,13],"33":[13,0],"34":[0,0],"35":[0,0],"36":[0,0],"37":[0,0],"38":[0,0],"39":[0,0],"40":[0,0],"41":[0,0],"42":[13,0],"43":[0,0],"44":[0,0],"45":[0,0],"46":[0,0],"47":[0,0],"48":[0,0],"49":[0,0],"50":[0,0],"51":[0,0],"52":[0,0],"53":[0,0],"54":[0,0],"55":[0,0],"56":[13,0],"57":[12,13],"58":[25,0]},"meta":{"lastBranch":59,"lastFunction":30,"lastStatement":155,"seen":{"s:89:27:442:Infinity":0,"f:89:78:89:79":0,"b:92:13:92:Infinity":0,"b:93:10:93:Infinity":1,"b:95:12:95:Infinity":2,"b:96:16:96:Infinity":3,"b:98:13:98:Infinity":4,"b:99:10:99:Infinity":5,"b:100:10:100:Infinity":6,"s:106:12:106:Infinity":1,"s:109:8:109:Infinity":2,"s:111:8:111:Infinity":3,"s:112:8:112:Infinity":4,"s:115:28:115:Infinity":5,"s:116:32:116:Infinity":6,"s:117:36:117:Infinity":7,"s:118:30:118:Infinity":8,"s:119:26:119:Infinity":9,"s:120:42:120:Infinity":10,"s:123:8:158:Infinity":11,"f:123:43:123:44":1,"b:124:4:126:Infinity:undefined:undefined:undefined:undefined":7,"s:124:4:126:Infinity":12,"s:125:6:125:Infinity":13,"s:128:4:157:Infinity":14,"f:128:40:128:46":2,"s:129:6:156:Infinity":15,"s:130:22:130:Infinity":16,"b:131:8:153:Infinity:undefined:undefined:undefined:undefined":8,"s:131:8:153:Infinity":17,"s:132:30:134:Infinity":18,"b:133:14:133:Infinity:134:14:134:Infinity":9,"s:135:32:137:Infinity":19,"b:136:14:136:Infinity:137:14:137:Infinity":10,"s:139:10:152:Infinity":20,"b:148:29:148:54:148:54:148:Infinity":11,"s:155:8:155:Infinity":21,"s:161:8:248:Infinity":22,"f:161:44:161:Infinity":3,"s:168:4:174:Infinity":23,"s:169:6:169:Infinity":24,"s:171:6:171:Infinity":25,"s:172:6:172:Infinity":26,"s:173:6:173:Infinity":27,"s:176:4:247:Infinity":28,"s:178:6:178:Infinity":29,"s:180:20:180:Infinity":30,"s:181:21:181:Infinity":31,"b:184:6:186:Infinity:undefined:undefined:undefined:undefined":12,"s:184:6:186:Infinity":32,"s:185:8:185:Infinity":33,"s:188:6:188:Infinity":34,"s:189:6:189:Infinity":35,"b:192:6:195:Infinity:undefined:undefined:undefined:undefined":13,"s:192:6:195:Infinity":36,"b:192:10:192:19:192:19:192:37:192:37:192:61":14,"s:193:26:193:Infinity":37,"s:194:8:194:Infinity":38,"b:198:6:217:Infinity:undefined:undefined:undefined:undefined":15,"s:198:6:217:Infinity":39,"s:199:25:199:Infinity":40,"b:201:8:203:Infinity:undefined:undefined:undefined:undefined":16,"s:201:8:203:Infinity":41,"s:202:10:202:Infinity":42,"b:204:8:206:Infinity:undefined:undefined:undefined:undefined":17,"s:204:8:206:Infinity":43,"s:205:10:205:Infinity":44,"b:207:8:214:Infinity:undefined:undefined:undefined:undefined":18,"s:207:8:214:Infinity":45,"s:208:10:208:Infinity":46,"s:209:10:213:Infinity":47,"s:216:8:216:Infinity":48,"s:220:6:223:Infinity":49,"f:220:39:220:40":4,"s:221:8:221:Infinity":50,"b:221:37:221:52:221:52:221:55":19,"s:222:8:222:Infinity":51,"b:222:26:222:41:222:41:222:44":20,"s:226:6:226:Infinity":52,"s:229:6:234:Infinity":53,"s:230:21:230:Infinity":54,"b:230:21:230:42:230:42:230:Infinity":21,"s:231:8:231:Infinity":55,"s:233:8:233:Infinity":56,"s:236:6:236:Infinity":57,"s:237:6:237:Infinity":58,"b:240:6:242:Infinity:undefined:undefined:undefined:undefined":22,"s:240:6:242:Infinity":59,"s:241:8:241:Infinity":60,"s:245:6:245:Infinity":61,"s:246:6:246:Infinity":62,"s:251:8:294:Infinity":63,"f:251:38:251:45":5,"s:252:4:252:Infinity":64,"s:253:4:253:Infinity":65,"s:254:4:254:Infinity":66,"s:255:4:255:Infinity":67,"b:257:4:259:Infinity:undefined:undefined:undefined:undefined":23,"s:257:4:259:Infinity":68,"s:258:6:258:Infinity":69,"b:261:4:263:Infinity:undefined:undefined:undefined:undefined":24,"s:261:4:263:Infinity":70,"s:262:6:262:Infinity":71,"s:266:4:266:Infinity":72,"f:266:20:266:26":6,"s:266:26:266:Infinity":73,"s:267:4:272:Infinity":74,"f:267:25:267:31":7,"s:268:19:268:Infinity":75,"s:269:6:269:Infinity":76,"s:270:6:270:Infinity":77,"b:270:18:270:36:270:36:270:37":25,"s:271:6:271:Infinity":78,"s:273:4:273:Infinity":79,"f:273:19:273:25":8,"s:273:25:273:Infinity":80,"s:274:4:274:Infinity":81,"f:274:20:274:26":9,"s:274:26:274:Infinity":82,"s:276:16:276:Infinity":83,"b:277:4:290:Infinity:undefined:undefined:undefined:undefined":26,"s:277:4:290:Infinity":84,"s:278:6:278:Infinity":85,"b:280:6:286:Infinity:undefined:undefined:undefined:undefined":27,"s:280:6:286:Infinity":86,"s:281:8:285:Infinity":87,"s:282:10:282:Infinity":88,"f:282:35:282:41":10,"s:282:41:282:50":89,"s:287:6:287:Infinity":90,"s:288:6:288:Infinity":91,"s:289:6:289:Infinity":92,"s:293:4:293:Infinity":93,"s:297:2:312:Infinity":94,"f:297:12:297:18":11,"s:298:18:298:Infinity":95,"b:299:4:299:Infinity:undefined:undefined:undefined:undefined":28,"s:299:4:299:Infinity":96,"b:299:8:299:18:299:18:299:27":29,"s:299:27:299:Infinity":97,"s:301:4:301:Infinity":98,"s:303:4:311:Infinity":99,"f:303:11:303:17":12,"b:305:6:307:Infinity:undefined:undefined:undefined:undefined":30,"s:305:6:307:Infinity":100,"s:306:8:306:Infinity":101,"b:308:6:310:Infinity:undefined:undefined:undefined:undefined":31,"s:308:6:310:Infinity":102,"s:309:8:309:Infinity":103,"s:315:2:324:Infinity":104,"f:315:12:315:18":13,"s:316:18:316:Infinity":105,"b:317:4:317:Infinity:undefined:undefined:undefined:undefined":32,"s:317:4:317:Infinity":106,"s:317:16:317:Infinity":107,"s:319:22:319:Infinity":108,"b:320:4:323:Infinity:undefined:undefined:undefined:undefined":33,"s:320:4:323:Infinity":109,"s:321:6:321:Infinity":110,"s:322:6:322:Infinity":111,"s:327:8:329:Infinity":112,"f:327:27:327:33":14,"s:328:4:328:Infinity":113,"s:331:8:333:Infinity":114,"f:331:28:331:34":15,"s:332:4:332:Infinity":115,"s:335:8:339:Infinity":116,"f:335:27:335:28":16,"b:336:4:338:Infinity:undefined:undefined:undefined:undefined":34,"s:336:4:338:Infinity":117,"s:337:6:337:Infinity":118,"s:341:8:345:Infinity":119,"f:341:31:341:32":17,"b:342:4:344:Infinity:undefined:undefined:undefined:undefined":35,"s:342:4:344:Infinity":120,"s:343:6:343:Infinity":121,"s:347:8:351:Infinity":122,"f:347:32:347:33":18,"b:348:4:350:Infinity:undefined:undefined:undefined:undefined":36,"s:348:4:350:Infinity":123,"s:349:6:349:Infinity":124,"s:353:8:362:Infinity":125,"f:353:33:353:39":19,"s:354:18:354:Infinity":126,"b:355:4:355:Infinity:undefined:undefined:undefined:undefined":37,"s:355:4:355:Infinity":127,"s:355:16:355:Infinity":128,"b:357:4:361:Infinity:359:11:361:Infinity":38,"s:357:4:361:Infinity":129,"s:358:6:358:Infinity":130,"s:360:6:360:Infinity":131,"s:364:8:369:Infinity":132,"f:364:27:364:28":20,"s:365:18:365:Infinity":133,"b:366:4:366:Infinity:undefined:undefined:undefined:undefined":39,"s:366:4:366:Infinity":134,"s:366:16:366:Infinity":135,"s:368:4:368:Infinity":136,"s:371:8:376:Infinity":137,"f:371:38:371:39":21,"s:372:18:372:Infinity":138,"b:373:4:375:Infinity:undefined:undefined:undefined:undefined":40,"s:373:4:375:Infinity":139,"s:374:6:374:Infinity":140,"s:378:8:380:Infinity":141,"f:378:38:378:44":22,"s:379:4:379:Infinity":142,"b:379:11:379:45:379:45:379:Infinity":41,"s:383:2:399:Infinity":143,"f:383:33:383:40":23,"s:383:40:399:6":144,"f:394:16:394:22":24,"s:394:22:394:Infinity":145,"f:395:18:395:24":25,"s:395:24:395:Infinity":146,"f:396:15:396:21":26,"s:396:21:396:Infinity":147,"f:397:20:397:26":27,"s:397:26:397:Infinity":148,"f:398:17:398:23":28,"s:398:23:398:Infinity":149,"s:402:8:422:Infinity":150,"f:402:31:402:37":29,"b:403:4:403:Infinity:undefined:undefined:undefined:undefined":42,"s:403:4:403:Infinity":151,"s:403:16:403:Infinity":152,"s:405:4:420:Infinity":153,"b:410:9:410:Infinity:411:10:417:Infinity":43,"b:412:27:412:57:412:57:412:61":44,"b:412:74:412:106:412:106:412:110":45,"b:413:29:413:72:413:72:413:74":46,"b:413:83:413:121:413:121:413:123":47,"b:413:133:413:172:413:172:413:174":48,"b:414:28:414:60:414:60:414:64":49,"b:414:73:414:105:414:105:414:109":50,"b:414:117:414:151:414:151:414:155":51,"b:415:23:415:57:415:57:415:59":52,"b:415:73:415:109:415:109:415:113":53,"b:416:23:416:47:416:47:416:51":54,"b:416:53:416:78:416:78:416:82":55,"b:419:9:419:19:419:19:419:Infinity":56,"s:424:2:440:Infinity":154,"b:436:19:436:46:436:46:436:Infinity":57,"b:437:9:437:19:437:19:437:Infinity":58}}}
,"/Users/eddie/eddie/eddie-workspace/libs/react-media-player/src/lib/i18n.ts": {"path":"/Users/eddie/eddie/eddie-workspace/libs/react-media-player/src/lib/i18n.ts","statementMap":{"0":{"start":{"line":5,"column":18},"end":{"line":94,"column":null}},"1":{"start":{"line":97,"column":0},"end":{"line":109,"column":null}}},"fnMap":{},"branchMap":{},"s":{"0":1,"1":1},"f":{},"b":{},"meta":{"lastBranch":0,"lastFunction":0,"lastStatement":2,"seen":{"s:5:18:94:Infinity":0,"s:97:0:109:Infinity":1}}}
}
