{"/Users/eddie/eddie/eddie-workspace/libs/react-code-editor/src/lib/react-code-editor.module.css": {"path":"/Users/eddie/eddie/eddie-workspace/libs/react-code-editor/src/lib/react-code-editor.module.css","statementMap":{},"fnMap":{},"branchMap":{},"s":{},"f":{},"b":{},"meta":{"lastBranch":0,"lastFunction":0,"lastStatement":0,"seen":{}}}
,"/Users/eddie/eddie/eddie-workspace/libs/react-code-editor/src/lib/react-code-editor.tsx": {"path":"/Users/eddie/eddie/eddie-workspace/libs/react-code-editor/src/lib/react-code-editor.tsx","statementMap":{"0":{"start":{"line":32,"column":22},"end":{"line":32,"column":null}},"1":{"start":{"line":33,"column":44},"end":{"line":33,"column":null}},"2":{"start":{"line":34,"column":26},"end":{"line":34,"column":null}},"3":{"start":{"line":35,"column":26},"end":{"line":35,"column":null}},"4":{"start":{"line":36,"column":50},"end":{"line":36,"column":null}},"5":{"start":{"line":37,"column":40},"end":{"line":37,"column":null}},"6":{"start":{"line":39,"column":8},"end":{"line":42,"column":null}},"7":{"start":{"line":40,"column":4},"end":{"line":40,"column":null}},"8":{"start":{"line":41,"column":4},"end":{"line":41,"column":null}},"9":{"start":{"line":44,"column":8},"end":{"line":58,"column":null}},"10":{"start":{"line":45,"column":4},"end":{"line":45,"column":null}},"11":{"start":{"line":48,"column":4},"end":{"line":48,"column":null}},"12":{"start":{"line":49,"column":4},"end":{"line":49,"column":null}},"13":{"start":{"line":50,"column":4},"end":{"line":50,"column":null}},"14":{"start":{"line":53,"column":22},"end":{"line":53,"column":null}},"15":{"start":{"line":54,"column":4},"end":{"line":54,"column":null}},"16":{"start":{"line":55,"column":4},"end":{"line":55,"column":null}},"17":{"start":{"line":57,"column":4},"end":{"line":57,"column":null}},"18":{"start":{"line":60,"column":8},"end":{"line":65,"column":null}},"19":{"start":{"line":61,"column":4},"end":{"line":61,"column":null}},"20":{"start":{"line":62,"column":4},"end":{"line":62,"column":null}},"21":{"start":{"line":63,"column":4},"end":{"line":63,"column":null}},"22":{"start":{"line":64,"column":4},"end":{"line":64,"column":null}},"23":{"start":{"line":68,"column":2},"end":{"line":110,"column":null}},"24":{"start":{"line":69,"column":20},"end":{"line":69,"column":null}},"25":{"start":{"line":70,"column":4},"end":{"line":70,"column":null}},"26":{"start":{"line":72,"column":4},"end":{"line":74,"column":null}},"27":{"start":{"line":73,"column":6},"end":{"line":73,"column":null}},"28":{"start":{"line":76,"column":22},"end":{"line":76,"column":null}},"29":{"start":{"line":77,"column":4},"end":{"line":77,"column":null}},"30":{"start":{"line":79,"column":4},"end":{"line":82,"column":null}},"31":{"start":{"line":80,"column":6},"end":{"line":80,"column":null}},"32":{"start":{"line":81,"column":6},"end":{"line":81,"column":null}},"33":{"start":{"line":84,"column":20},"end":{"line":84,"column":null}},"34":{"start":{"line":85,"column":4},"end":{"line":85,"column":null}},"35":{"start":{"line":87,"column":10},"end":{"line":87,"column":null}},"36":{"start":{"line":88,"column":4},"end":{"line":88,"column":null}},"37":{"start":{"line":89,"column":4},"end":{"line":89,"column":null}},"38":{"start":{"line":91,"column":22},"end":{"line":91,"column":null}},"39":{"start":{"line":93,"column":4},"end":{"line":105,"column":null}},"40":{"start":{"line":94,"column":6},"end":{"line":94,"column":null}},"41":{"start":{"line":95,"column":6},"end":{"line":95,"column":null}},"42":{"start":{"line":97,"column":6},"end":{"line":97,"column":null}},"43":{"start":{"line":99,"column":6},"end":{"line":104,"column":null}},"44":{"start":{"line":100,"column":8},"end":{"line":102,"column":null}},"45":{"start":{"line":101,"column":10},"end":{"line":101,"column":null}},"46":{"start":{"line":103,"column":8},"end":{"line":103,"column":null}},"47":{"start":{"line":108,"column":4},"end":{"line":108,"column":null}},"48":{"start":{"line":109,"column":4},"end":{"line":109,"column":null}},"49":{"start":{"line":112,"column":2},"end":{"line":116,"column":null}},"50":{"start":{"line":113,"column":4},"end":{"line":115,"column":null}},"51":{"start":{"line":114,"column":6},"end":{"line":114,"column":null}},"52":{"start":{"line":114,"column":24},"end":{"line":114,"column":43}},"53":{"start":{"line":118,"column":2},"end":{"line":122,"column":null}},"54":{"start":{"line":119,"column":4},"end":{"line":121,"column":null}},"55":{"start":{"line":120,"column":6},"end":{"line":120,"column":null}},"56":{"start":{"line":120,"column":24},"end":{"line":120,"column":43}},"57":{"start":{"line":124,"column":2},"end":{"line":260,"column":null}}},"fnMap":{"0":{"name":"ReactCodeEditor","decl":{"start":{"line":22,"column":16},"end":{"line":22,"column":32}},"loc":{"start":{"line":31,"column":20},"end":{"line":262,"column":null}},"line":31},"1":{"name":"(anonymous_1)","decl":{"start":{"line":39,"column":39},"end":{"line":39,"column":40}},"loc":{"start":{"line":39,"column":58},"end":{"line":42,"column":5}},"line":39},"2":{"name":"(anonymous_2)","decl":{"start":{"line":44,"column":32},"end":{"line":44,"column":38}},"loc":{"start":{"line":44,"column":38},"end":{"line":58,"column":5}},"line":44},"3":{"name":"(anonymous_3)","decl":{"start":{"line":60,"column":34},"end":{"line":60,"column":40}},"loc":{"start":{"line":60,"column":40},"end":{"line":65,"column":5}},"line":60},"4":{"name":"(anonymous_4)","decl":{"start":{"line":68,"column":18},"end":{"line":68,"column":24}},"loc":{"start":{"line":68,"column":24},"end":{"line":110,"column":5}},"line":68},"5":{"name":"(anonymous_5)","decl":{"start":{"line":99,"column":16},"end":{"line":99,"column":24}},"loc":{"start":{"line":99,"column":24},"end":{"line":104,"column":7}},"line":99},"6":{"name":"(anonymous_6)","decl":{"start":{"line":112,"column":18},"end":{"line":112,"column":24}},"loc":{"start":{"line":112,"column":24},"end":{"line":116,"column":5}},"line":112},"7":{"name":"(anonymous_7)","decl":{"start":{"line":114,"column":16},"end":{"line":114,"column":24}},"loc":{"start":{"line":114,"column":24},"end":{"line":114,"column":43}},"line":114},"8":{"name":"(anonymous_8)","decl":{"start":{"line":118,"column":18},"end":{"line":118,"column":24}},"loc":{"start":{"line":118,"column":24},"end":{"line":122,"column":5}},"line":118},"9":{"name":"(anonymous_9)","decl":{"start":{"line":120,"column":16},"end":{"line":120,"column":24}},"loc":{"start":{"line":120,"column":24},"end":{"line":120,"column":43}},"line":120}},"branchMap":{"0":{"loc":{"start":{"line":23,"column":2},"end":{"line":23,"column":null}},"type":"default-arg","locations":[{"start":{"line":23,"column":16},"end":{"line":23,"column":null}}],"line":23},"1":{"loc":{"start":{"line":24,"column":2},"end":{"line":24,"column":null}},"type":"default-arg","locations":[{"start":{"line":24,"column":10},"end":{"line":24,"column":null}}],"line":24},"2":{"loc":{"start":{"line":25,"column":2},"end":{"line":25,"column":null}},"type":"default-arg","locations":[{"start":{"line":25,"column":20},"end":{"line":25,"column":null}}],"line":25},"3":{"loc":{"start":{"line":72,"column":4},"end":{"line":74,"column":null}},"type":"if","locations":[{"start":{"line":72,"column":4},"end":{"line":74,"column":null}},{"start":{},"end":{}}],"line":72},"4":{"loc":{"start":{"line":72,"column":8},"end":{"line":72,"column":51}},"type":"binary-expr","locations":[{"start":{"line":72,"column":8},"end":{"line":72,"column":28}},{"start":{"line":72,"column":28},"end":{"line":72,"column":51}}],"line":72},"5":{"loc":{"start":{"line":79,"column":4},"end":{"line":82,"column":null}},"type":"if","locations":[{"start":{"line":79,"column":4},"end":{"line":82,"column":null}},{"start":{},"end":{}}],"line":79},"6":{"loc":{"start":{"line":93,"column":4},"end":{"line":105,"column":null}},"type":"if","locations":[{"start":{"line":93,"column":4},"end":{"line":105,"column":null}},{"start":{"line":96,"column":11},"end":{"line":105,"column":null}}],"line":93},"7":{"loc":{"start":{"line":100,"column":8},"end":{"line":102,"column":null}},"type":"if","locations":[{"start":{"line":100,"column":8},"end":{"line":102,"column":null}},{"start":{},"end":{}}],"line":100},"8":{"loc":{"start":{"line":100,"column":12},"end":{"line":100,"column":47}},"type":"binary-expr","locations":[{"start":{"line":100,"column":12},"end":{"line":100,"column":21}},{"start":{"line":100,"column":21},"end":{"line":100,"column":47}}],"line":100},"9":{"loc":{"start":{"line":113,"column":4},"end":{"line":115,"column":null}},"type":"if","locations":[{"start":{"line":113,"column":4},"end":{"line":115,"column":null}},{"start":{},"end":{}}],"line":113},"10":{"loc":{"start":{"line":119,"column":4},"end":{"line":121,"column":null}},"type":"if","locations":[{"start":{"line":119,"column":4},"end":{"line":121,"column":null}},{"start":{},"end":{}}],"line":119},"11":{"loc":{"start":{"line":127,"column":9},"end":{"line":136,"column":null}},"type":"binary-expr","locations":[{"start":{"line":127,"column":9},"end":{"line":127,"column":null}},{"start":{"line":128,"column":10},"end":{"line":136,"column":null}}],"line":127},"12":{"loc":{"start":{"line":136,"column":10},"end":{"line":147,"column":null}},"type":"binary-expr","locations":[{"start":{"line":138,"column":10},"end":{"line":138,"column":20}},{"start":{"line":138,"column":20},"end":{"line":138,"column":null}},{"start":{"line":139,"column":10},"end":{"line":147,"column":null}}],"line":136},"13":{"loc":{"start":{"line":159,"column":9},"end":{"line":208,"column":null}},"type":"binary-expr","locations":[{"start":{"line":159,"column":9},"end":{"line":159,"column":null}},{"start":{"line":160,"column":10},"end":{"line":208,"column":null}}],"line":159},"14":{"loc":{"start":{"line":218,"column":19},"end":{"line":218,"column":null}},"type":"cond-expr","locations":[{"start":{"line":218,"column":38},"end":{"line":218,"column":48}},{"start":{"line":218,"column":48},"end":{"line":218,"column":null}}],"line":218},"15":{"loc":{"start":{"line":222,"column":8},"end":{"line":257,"column":null}},"type":"binary-expr","locations":[{"start":{"line":225,"column":10},"end":{"line":225,"column":20}},{"start":{"line":225,"column":20},"end":{"line":225,"column":null}},{"start":{"line":226,"column":10},"end":{"line":257,"column":null}}],"line":222},"16":{"loc":{"start":{"line":227,"column":13},"end":{"line":240,"column":null}},"type":"binary-expr","locations":[{"start":{"line":227,"column":13},"end":{"line":227,"column":null}},{"start":{"line":228,"column":14},"end":{"line":240,"column":null}}],"line":227},"17":{"loc":{"start":{"line":231,"column":19},"end":{"line":234,"column":null}},"type":"binary-expr","locations":[{"start":{"line":231,"column":19},"end":{"line":231,"column":null}},{"start":{"line":232,"column":20},"end":{"line":234,"column":null}}],"line":231},"18":{"loc":{"start":{"line":242,"column":13},"end":{"line":255,"column":null}},"type":"binary-expr","locations":[{"start":{"line":242,"column":13},"end":{"line":242,"column":null}},{"start":{"line":243,"column":14},"end":{"line":255,"column":null}}],"line":242},"19":{"loc":{"start":{"line":246,"column":19},"end":{"line":249,"column":null}},"type":"binary-expr","locations":[{"start":{"line":246,"column":19},"end":{"line":246,"column":null}},{"start":{"line":247,"column":20},"end":{"line":249,"column":null}}],"line":246}},"s":{"0":0,"1":0,"2":0,"3":0,"4":0,"5":0,"6":0,"7":0,"8":0,"9":0,"10":0,"11":0,"12":0,"13":0,"14":0,"15":0,"16":0,"17":0,"18":0,"19":0,"20":0,"21":0,"22":0,"23":0,"24":0,"25":0,"26":0,"27":0,"28":0,"29":0,"30":0,"31":0,"32":0,"33":0,"34":0,"35":0,"36":0,"37":0,"38":0,"39":0,"40":0,"41":0,"42":0,"43":0,"44":0,"45":0,"46":0,"47":0,"48":0,"49":0,"50":0,"51":0,"52":0,"53":0,"54":0,"55":0,"56":0,"57":0},"f":{"0":0,"1":0,"2":0,"3":0,"4":0,"5":0,"6":0,"7":0,"8":0,"9":0},"b":{"0":[0],"1":[0],"2":[0],"3":[0,0],"4":[0,0],"5":[0,0],"6":[0,0],"7":[0,0],"8":[0,0],"9":[0,0],"10":[0,0],"11":[0,0],"12":[0,0,0],"13":[0,0],"14":[0,0],"15":[0,0,0],"16":[0,0],"17":[0,0],"18":[0,0],"19":[0,0]},"meta":{"lastBranch":20,"lastFunction":10,"lastStatement":58,"seen":{"f:22:16:22:32":0,"b:23:16:23:Infinity":0,"b:24:10:24:Infinity":1,"b:25:20:25:Infinity":2,"s:32:22:32:Infinity":0,"s:33:44:33:Infinity":1,"s:34:26:34:Infinity":2,"s:35:26:35:Infinity":3,"s:36:50:36:Infinity":4,"s:37:40:37:Infinity":5,"s:39:8:42:Infinity":6,"f:39:39:39:40":1,"s:40:4:40:Infinity":7,"s:41:4:41:Infinity":8,"s:44:8:58:Infinity":9,"f:44:32:44:38":2,"s:45:4:45:Infinity":10,"s:48:4:48:Infinity":11,"s:49:4:49:Infinity":12,"s:50:4:50:Infinity":13,"s:53:22:53:Infinity":14,"s:54:4:54:Infinity":15,"s:55:4:55:Infinity":16,"s:57:4:57:Infinity":17,"s:60:8:65:Infinity":18,"f:60:34:60:40":3,"s:61:4:61:Infinity":19,"s:62:4:62:Infinity":20,"s:63:4:63:Infinity":21,"s:64:4:64:Infinity":22,"s:68:2:110:Infinity":23,"f:68:18:68:24":4,"s:69:20:69:Infinity":24,"s:70:4:70:Infinity":25,"b:72:4:74:Infinity:undefined:undefined:undefined:undefined":3,"s:72:4:74:Infinity":26,"b:72:8:72:28:72:28:72:51":4,"s:73:6:73:Infinity":27,"s:76:22:76:Infinity":28,"s:77:4:77:Infinity":29,"b:79:4:82:Infinity:undefined:undefined:undefined:undefined":5,"s:79:4:82:Infinity":30,"s:80:6:80:Infinity":31,"s:81:6:81:Infinity":32,"s:84:20:84:Infinity":33,"s:85:4:85:Infinity":34,"s:87:10:87:Infinity":35,"s:88:4:88:Infinity":36,"s:89:4:89:Infinity":37,"s:91:22:91:Infinity":38,"b:93:4:105:Infinity:96:11:105:Infinity":6,"s:93:4:105:Infinity":39,"s:94:6:94:Infinity":40,"s:95:6:95:Infinity":41,"s:97:6:97:Infinity":42,"s:99:6:104:Infinity":43,"f:99:16:99:24":5,"b:100:8:102:Infinity:undefined:undefined:undefined:undefined":7,"s:100:8:102:Infinity":44,"b:100:12:100:21:100:21:100:47":8,"s:101:10:101:Infinity":45,"s:103:8:103:Infinity":46,"s:108:4:108:Infinity":47,"s:109:4:109:Infinity":48,"s:112:2:116:Infinity":49,"f:112:18:112:24":6,"b:113:4:115:Infinity:undefined:undefined:undefined:undefined":9,"s:113:4:115:Infinity":50,"s:114:6:114:Infinity":51,"f:114:16:114:24":7,"s:114:24:114:43":52,"s:118:2:122:Infinity":53,"f:118:18:118:24":8,"b:119:4:121:Infinity:undefined:undefined:undefined:undefined":10,"s:119:4:121:Infinity":54,"s:120:6:120:Infinity":55,"f:120:16:120:24":9,"s:120:24:120:43":56,"s:124:2:260:Infinity":57,"b:127:9:127:Infinity:128:10:136:Infinity":11,"b:138:10:138:20:138:20:138:Infinity:139:10:147:Infinity":12,"b:159:9:159:Infinity:160:10:208:Infinity":13,"b:218:38:218:48:218:48:218:Infinity":14,"b:225:10:225:20:225:20:225:Infinity:226:10:257:Infinity":15,"b:227:13:227:Infinity:228:14:240:Infinity":16,"b:231:19:231:Infinity:232:20:234:Infinity":17,"b:242:13:242:Infinity:243:14:255:Infinity":18,"b:246:19:246:Infinity:247:20:249:Infinity":19}}}
}
